
> web@0.1.0 build /home/joshykins/stupid-neko/apps/web
> next build --turbopack

   ▲ Next.js 15.5.2 (Turbopack)

   Creating an optimized production build ...
 ✓ Finished writing to disk in 52ms
 ✓ Compiled successfully in 2.6s
   Linting and checking validity of types ...
   Collecting page data ...
   Generating static pages (0/5) ...
   Generating static pages (1/5) 
   Generating static pages (2/5) 
   Generating static pages (3/5) 
 ✓ Generating static pages (5/5)
   Finalizing page optimization ...
   Collecting build traces ...

Route (app)                         Size  First Load JS
┌ ○ /                             6.8 kB         120 kB
└ ○ /_not-found                      0 B         113 kB
+ First Load JS shared by all     117 kB
  ├ chunks/59f8a04c18998d77.js   75.3 kB
  ├ chunks/eaaa1abd57c485dc.js   20.4 kB
  └ other shared chunks (total)  21.3 kB


ƒ Middleware                     91.1 kB

○  (Static)  prerendered as static content

